%!Adobe-FontList 1.16
%Locale:0x409

%BeginFont
Handler:DirectoryHandler
FontType:Invalid
OutlineFileName:\.DS_Store
FileLength:6148
FileModTime:1445855538
%EndFont

%BeginFont
Handler:DirectoryHandler
FontType:TrueType
FontName:GochiHand-Regular
FamilyName:Gochi Hand
StyleName:Regular
MenuName:Gochi Hand
StyleBits:0
WeightClass:400
WidthClass:5
AngleClass:0
FullName:Gochi Hand
WritingScript:Roman
OutlineFileName:\GochiHand-Regular.ttf
DataFormat:sfntData
FileLength:37352
FileModTime:1445226388
NameArray:0,Mac,18,Gochi Hand
NameArray:0,Mac,4,Gochi Hand
NameArray:0,Win,1,Gochi Hand
%EndFont

%BeginFont
Handler:DirectoryHandler
FontType:TrueType
FontName:Roboto-Black
FamilyName:Roboto
StyleName:Black
MenuName:Roboto Black
StyleBits:2
WeightClass:900
WidthClass:5
AngleClass:0
FullName:Roboto Black
WritingScript:Roman
OutlineFileName:\Roboto-Black.ttf
DataFormat:sfntData
FileLength:163488
FileModTime:1445223848
NameArray:0,Win,1,Roboto Black
NameArray:0,Win,16,Roboto
%EndFont

%BeginFont
Handler:DirectoryHandler
FontType:TrueType
FontName:Roboto-Italic
FamilyName:Roboto
StyleName:Italic
MenuName:Roboto
StyleBits:1
WeightClass:400
WidthClass:5
AngleClass:1
FullName:Roboto Italic
WritingScript:Roman
OutlineFileName:\Roboto-Italic.ttf
DataFormat:sfntData
FileLength:161484
FileModTime:1445223848
NameArray:0,Win,1,Roboto
%EndFont

%BeginFont
Handler:DirectoryHandler
FontType:TrueType
FontName:Roboto-Regular
FamilyName:Roboto
StyleName:Regular
MenuName:Roboto
StyleBits:0
WeightClass:400
WidthClass:5
AngleClass:0
FullName:Roboto
WritingScript:Roman
OutlineFileName:\Roboto-Regular.ttf
DataFormat:sfntData
FileLength:162876
FileModTime:1445223848
NameArray:0,Win,1,Roboto
%EndFont

